Arguments: 
  D:\Program Files\nodejs\node.exe D:\Users\limkc\AppData\Roaming\npm\node_modules\yarn\bin\yarn.js add bootstrap-glyphicons

PATH: 
  c:\Program Files\Java\jdk1.8.0_73\bin;D:\projects\libs\tt\ttm;D:\projects\libs\tt\bin;C:\Windows\System32;C:\Windows;C:\Windows\System32\wbem;C:\Windows\System32\WindowsPowerShell\v1.0\;C:\Program Files\Microsoft SQL Server\120\Tools\Binn\;C:\Program Files\Microsoft SQL Server\130\Tools\Binn\;C:\Program Files (x86)\Visual Leak Detector\bin;C:\WINDOWS\system32;C:\WINDOWS;C:\WINDOWS\System32\Wbem;C:\WINDOWS\System32\WindowsPowerShell\v1.0\;C:\WINDOWS\System32\OpenSSH\;D:\Program Files\nodejs\;D:\Users\limkc\AppData\Local\Microsoft\WindowsApps;D:\apps\CloudSDK\google-cloud-sdk\bin;d:\Program Files\Docker Toolbox;D:\Program Files (x86)\CMake\bin;d:\Python27;D:\Users\limkc\AppData\Roaming\npm;

Yarn version: 
  1.9.4

Node version: 
  8.11.3

Platform: 
  win32 x64

Trace: 
  Error: https://registry.yarnpkg.com/bootstrap-glyphicons: Not found
      at Request.params.callback [as _callback] (D:\Users\limkc\AppData\Roaming\npm\node_modules\yarn\lib\cli.js:64202:18)
      at Request.self.callback (D:\Users\limkc\AppData\Roaming\npm\node_modules\yarn\lib\cli.js:137468:22)
      at emitTwo (events.js:126:13)
      at Request.emit (events.js:214:7)
      at Request.<anonymous> (D:\Users\limkc\AppData\Roaming\npm\node_modules\yarn\lib\cli.js:138440:10)
      at emitOne (events.js:116:13)
      at Request.emit (events.js:211:7)
      at IncomingMessage.<anonymous> (D:\Users\limkc\AppData\Roaming\npm\node_modules\yarn\lib\cli.js:138362:12)
      at Object.onceWrapper (events.js:313:30)
      at emitNone (events.js:111:20)

npm manifest: 
  {
    "name": "nrreport",
    "version": "1.0.0",
    "main": "index.js",
    "license": "MIT",
    "dependencies": {
      "bootstrap": "^4.1.3",
      "bootstrap-datetimepicker": "^0.0.7",
      "jquery": "^3.3.1",
      "moment": "2.10",
      "moment-timezone": "0.4.0",
      "pc-bootstrap4-datetimepicker": "^4.17.50",
      "popper.js": "^1.14.4"
    }
  }

yarn manifest: 
  No manifest

Lockfile: 
  # THIS IS AN AUTOGENERATED FILE. DO NOT EDIT THIS FILE DIRECTLY.
  # yarn lockfile v1
  
  
  bootstrap-datetimepicker@^0.0.7:
    version "0.0.7"
    resolved "https://registry.yarnpkg.com/bootstrap-datetimepicker/-/bootstrap-datetimepicker-0.0.7.tgz#a98312648894b81915531b057ff742835843f971"
  
  bootstrap@^4.0.0-beta.2, bootstrap@^4.1.3:
    version "4.1.3"
    resolved "https://registry.yarnpkg.com/bootstrap/-/bootstrap-4.1.3.tgz#0eb371af2c8448e8c210411d0cb824a6409a12be"
  
  "jquery@^1.8.3 || ^2.0 || ^3.0", jquery@^3.3.1:
    version "3.3.1"
    resolved "https://registry.yarnpkg.com/jquery/-/jquery-3.3.1.tgz#958ce29e81c9790f31be7792df5d4d95fc57fbca"
  
  moment-timezone@0.4.0:
    version "0.4.0"
    resolved "https://registry.yarnpkg.com/moment-timezone/-/moment-timezone-0.4.0.tgz#571ec43f5d2fb70ddb601c7d23b284e2f63ddab4"
    dependencies:
      moment ">= 2.6.0"
  
  moment-timezone@^0.4.0:
    version "0.4.1"
    resolved "https://registry.yarnpkg.com/moment-timezone/-/moment-timezone-0.4.1.tgz#81f598c3ad5e22cdad796b67ecd8d88d0f5baa06"
    dependencies:
      moment ">= 2.6.0"
  
  moment@2.10:
    version "2.10.6"
    resolved "https://registry.yarnpkg.com/moment/-/moment-2.10.6.tgz#6cb21967c79cba7b0ca5e66644f173662b3efa77"
  
  "moment@>= 2.6.0", moment@^2.10:
    version "2.22.2"
    resolved "https://registry.yarnpkg.com/moment/-/moment-2.22.2.tgz#3c257f9839fc0e93ff53149632239eb90783ff66"
  
  pc-bootstrap4-datetimepicker@^4.17.50:
    version "4.17.50"
    resolved "https://registry.yarnpkg.com/pc-bootstrap4-datetimepicker/-/pc-bootstrap4-datetimepicker-4.17.50.tgz#6c609a0cc5021e968c11901b44c50eff86cdd8ca"
    dependencies:
      bootstrap "^4.0.0-beta.2"
      jquery "^1.8.3 || ^2.0 || ^3.0"
      moment "^2.10"
      moment-timezone "^0.4.0"
  
  popper.js@^1.14.4:
    version "1.14.4"
    resolved "https://registry.yarnpkg.com/popper.js/-/popper.js-1.14.4.tgz#8eec1d8ff02a5a3a152dd43414a15c7b79fd69b6"
